# JRE version: Java(TM) SE Runtime Environment (8.0_171-b11) (build 1.8.0_171-b11)
# Java VM: Java HotSpot(TM) 64-Bit Server VM (25.171-b11 mixed mode windows-amd64 compressed oops)
Heap:
 PSYoungGen      total 86528K, used 30585K [0x00000000d5580000, 0x00000000db980000, 0x0000000100000000)
  eden space 83968K, 33% used [0x00000000d5580000,0x00000000d711e710,0x00000000da780000)
  from space 2560K, 90% used [0x00000000daa00000,0x00000000dac40010,0x00000000dac80000)
  to   space 9216K, 0% used [0x00000000db080000,0x00000000db080000,0x00000000db980000)
 ParOldGen       total 59392K, used 19205K [0x0000000080000000, 0x0000000083a00000, 0x00000000d5580000)
  object space 59392K, 32% used [0x0000000080000000,0x00000000812c1638,0x0000000083a00000)
 Metaspace       used 31451K, capacity 34676K, committed 34944K, reserved 1079296K
  class space    used 4550K, capacity 5143K, committed 5248K, reserved 1048576K
GC Heap History (10 events):
Event: 223.170 GC heap before
{Heap before GC invocations=18 (full 1):
 PSYoungGen      total 103936K, used 103451K [0x00000000d5580000, 0x00000000dcb80000, 0x0000000100000000)
  eden space 97792K, 100% used [0x00000000d5580000,0x00000000db500000,0x00000000db500000)
  from space 6144K, 92% used [0x00000000dc580000,0x00000000dcb06fe0,0x00000000dcb80000)
  to   space 8704K, 0% used [0x00000000dba80000,0x00000000dba80000,0x00000000dc300000)
 ParOldGen       total 59392K, used 14505K [0x0000000080000000, 0x0000000083a00000, 0x00000000d5580000)
  object space 59392K, 24% used [0x0000000080000000,0x0000000080e2a500,0x0000000083a00000)
 Metaspace       used 30635K, capacity 33784K, committed 34048K, reserved 1079296K
  class space    used 4453K, capacity 5023K, committed 5120K, reserved 1048576K
Event: 223.190 GC heap after
Heap after GC invocations=18 (full 1):
 PSYoungGen      total 100864K, used 5659K [0x00000000d5580000, 0x00000000dc600000, 0x0000000100000000)
  eden space 94720K, 0% used [0x00000000d5580000,0x00000000d5580000,0x00000000db200000)
  from space 6144K, 92% used [0x00000000dba80000,0x00000000dc006fe0,0x00000000dc080000)
  to   space 5632K, 0% used [0x00000000dc080000,0x00000000dc080000,0x00000000dc600000)
 ParOldGen       total 59392K, used 14505K [0x0000000080000000, 0x0000000083a00000, 0x00000000d5580000)
  object space 59392K, 24% used [0x0000000080000000,0x0000000080e2a500,0x0000000083a00000)
 Metaspace       used 30635K, capacity 33784K, committed 34048K, reserved 1079296K
  class space    used 4453K, capacity 5023K, committed 5120K, reserved 1048576K
}
Event: 238.806 GC heap before
{Heap before GC invocations=19 (full 1):
 PSYoungGen      total 100864K, used 100379K [0x00000000d5580000, 0x00000000dc600000, 0x0000000100000000)
  eden space 94720K, 100% used [0x00000000d5580000,0x00000000db200000,0x00000000db200000)
  from space 6144K, 92% used [0x00000000dba80000,0x00000000dc006fe0,0x00000000dc080000)
  to   space 5632K, 0% used [0x00000000dc080000,0x00000000dc080000,0x00000000dc600000)
 ParOldGen       total 59392K, used 14505K [0x0000000080000000, 0x0000000083a00000, 0x00000000d5580000)
  object space 59392K, 24% used [0x0000000080000000,0x0000000080e2a500,0x0000000083a00000)
 Metaspace       used 30814K, capacity 33992K, committed 34304K, reserved 1079296K
  class space    used 4457K, capacity 5025K, committed 5120K, reserved 1048576K
Event: 238.826 GC heap after
Heap after GC invocations=19 (full 1):
 PSYoungGen      total 96256K, used 4603K [0x00000000d5580000, 0x00000000dc500000, 0x0000000100000000)
  eden space 91648K, 0% used [0x00000000d5580000,0x00000000d5580000,0x00000000daf00000)
  from space 4608K, 99% used [0x00000000dc080000,0x00000000dc4fefc0,0x00000000dc500000)
  to   space 8704K, 0% used [0x00000000db400000,0x00000000db400000,0x00000000dbc80000)
 ParOldGen       total 59392K, used 16043K [0x0000000080000000, 0x0000000083a00000, 0x00000000d5580000)
  object space 59392K, 27% used [0x0000000080000000,0x0000000080faaf60,0x0000000083a00000)
 Metaspace       used 30814K, capacity 33992K, committed 34304K, reserved 1079296K
  class space    used 4457K, capacity 5025K, committed 5120K, reserved 1048576K
}
Event: 253.095 GC heap before
{Heap before GC invocations=20 (full 1):
 PSYoungGen      total 96256K, used 96251K [0x00000000d5580000, 0x00000000dc500000, 0x0000000100000000)
  eden space 91648K, 100% used [0x00000000d5580000,0x00000000daf00000,0x00000000daf00000)
  from space 4608K, 99% used [0x00000000dc080000,0x00000000dc4fefc0,0x00000000dc500000)
  to   space 8704K, 0% used [0x00000000db400000,0x00000000db400000,0x00000000dbc80000)
 ParOldGen       total 59392K, used 16043K [0x0000000080000000, 0x0000000083a00000, 0x00000000d5580000)
  object space 59392K, 27% used [0x0000000080000000,0x0000000080faaf60,0x0000000083a00000)
 Metaspace       used 31374K, capacity 34662K, committed 34944K, reserved 1079296K
  class space    used 4550K, capacity 5142K, committed 5248K, reserved 1048576K
Event: 253.191 GC heap after
Heap after GC invocations=20 (full 1):
 PSYoungGen      total 92672K, used 3520K [0x00000000d5580000, 0x00000000dc100000, 0x0000000100000000)
  eden space 89088K, 0% used [0x00000000d5580000,0x00000000d5580000,0x00000000dac80000)
  from space 3584K, 98% used [0x00000000db400000,0x00000000db770020,0x00000000db780000)
  to   space 8704K, 0% used [0x00000000db880000,0x00000000db880000,0x00000000dc100000)
 ParOldGen       total 59392K, used 17989K [0x0000000080000000, 0x0000000083a00000, 0x00000000d5580000)
  object space 59392K, 30% used [0x0000000080000000,0x0000000081191628,0x0000000083a00000)
 Metaspace       used 31374K, capacity 34662K, committed 34944K, reserved 1079296K
  class space    used 4550K, capacity 5142K, committed 5248K, reserved 1048576K
}
Event: 268.122 GC heap before
{Heap before GC invocations=21 (full 1):
 PSYoungGen      total 92672K, used 92608K [0x00000000d5580000, 0x00000000dc100000, 0x0000000100000000)
  eden space 89088K, 100% used [0x00000000d5580000,0x00000000dac80000,0x00000000dac80000)
  from space 3584K, 98% used [0x00000000db400000,0x00000000db770020,0x00000000db780000)
  to   space 8704K, 0% used [0x00000000db880000,0x00000000db880000,0x00000000dc100000)
 ParOldGen       total 59392K, used 17989K [0x0000000080000000, 0x0000000083a00000, 0x00000000d5580000)
  object space 59392K, 30% used [0x0000000080000000,0x0000000081191628,0x0000000083a00000)
 Metaspace       used 31401K, capacity 34666K, committed 34944K, reserved 1079296K
  class space    used 4550K, capacity 5142K, committed 5248K, reserved 1048576K
Event: 268.134 GC heap after
Heap after GC invocations=21 (full 1):
 PSYoungGen      total 90112K, used 2304K [0x00000000d5580000, 0x00000000dbc00000, 0x0000000100000000)
  eden space 86528K, 0% used [0x00000000d5580000,0x00000000d5580000,0x00000000daa00000)
  from space 3584K, 64% used [0x00000000db880000,0x00000000dbac0010,0x00000000dbc00000)
  to   space 9216K, 0% used [0x00000000daa00000,0x00000000daa00000,0x00000000db300000)
 ParOldGen       total 59392K, used 19189K [0x0000000080000000, 0x0000000083a00000, 0x00000000d5580000)
  object space 59392K, 32% used [0x0000000080000000,0x00000000812bd638,0x0000000083a00000)
 Metaspace       used 31401K, capacity 34666K, committed 34944K, reserved 1079296K
  class space    used 4550K, capacity 5142K, committed 5248K, reserved 1048576K
}
Event: 282.721 GC heap before
{Heap before GC invocations=22 (full 1):
 PSYoungGen      total 90112K, used 88832K [0x00000000d5580000, 0x00000000dbc00000, 0x0000000100000000)
  eden space 86528K, 100% used [0x00000000d5580000,0x00000000daa00000,0x00000000daa00000)
  from space 3584K, 64% used [0x00000000db880000,0x00000000dbac0010,0x00000000dbc00000)
  to   space 9216K, 0% used [0x00000000daa00000,0x00000000daa00000,0x00000000db300000)
 ParOldGen       total 59392K, used 19189K [0x0000000080000000, 0x0000000083a00000, 0x00000000d5580000)
  object space 59392K, 32% used [0x0000000080000000,0x00000000812bd638,0x0000000083a00000)
 Metaspace       used 31430K, capacity 34670K, committed 34944K, reserved 1079296K
  class space    used 4550K, capacity 5142K, committed 5248K, reserved 1048576K
Event: 282.732 GC heap after
Heap after GC invocations=22 (full 1):
 PSYoungGen      total 86528K, used 2304K [0x00000000d5580000, 0x00000000db980000, 0x0000000100000000)
  eden space 83968K, 0% used [0x00000000d5580000,0x00000000d5580000,0x00000000da780000)
  from space 2560K, 90% used [0x00000000daa00000,0x00000000dac40010,0x00000000dac80000)
  to   space 9216K, 0% used [0x00000000db080000,0x00000000db080000,0x00000000db980000)
 ParOldGen       total 59392K, used 19205K [0x0000000080000000, 0x0000000083a00000, 0x00000000d5580000)
  object space 59392K, 32% used [0x0000000080000000,0x00000000812c1638,0x0000000083a00000)
 Metaspace       used 31430K, capacity 34670K, committed 34944K, reserved 1079296K
  class space    used 4550K, capacity 5142K, committed 5248K, reserved 1048576K
}

